<?xml version="1.0" encoding="UTF-8"?>
<!-- Generated by org.testng.reporters.JUnitReportReporter -->
<testsuite name="NewTest" tests="1" time="8.134" ignored="0" failures="0" timestamp="18 Jan 2017 03:08:48 GMT" skipped="0" hostname="Lauras-Air" errors="0">
  <testcase name="f" time="8.134" classname="NewTest"/>
</testsuite> <!-- NewTest -->
