<?xml version="1.0" encoding="UTF-8"?>
<!-- Generated by org.testng.reporters.JUnitReportReporter -->
<testsuite name="RestTest" tests="1" time="8.582" ignored="0" failures="0" timestamp="20 Jan 2017 19:49:19 GMT" skipped="0" hostname="Lauras-MacBook-Air.local" errors="0">
  <testcase name="testRead" time="8.582" classname="RestTest"/>
</testsuite> <!-- RestTest -->
