<?xml version="1.0" encoding="UTF-8"?>
<!-- Generated by org.testng.reporters.JUnitReportReporter -->
<testsuite name="NewTest" tests="1" time="9.895" ignored="0" failures="0" timestamp="20 Jan 2017 03:14:31 GMT" skipped="0" hostname="Lauras-Air" errors="0">
  <testcase name="f" time="9.895" classname="NewTest"/>
</testsuite> <!-- NewTest -->
